<?xml version="1.0" encoding="UTF-8"?>
<!-- Generated by org.testng.reporters.JUnitXMLReporter -->
<testsuite hostname="Krishnas-MacBook-Pro-2.local" ignored="0" tests="1" failures="1" timestamp="19 Mar 2019 23:54:21 GMT" time="0.163" errors="0">
  <testcase name="testGoogleData" time="0.142" classname="SimpleGoogleTest">
    <failure type="java.lang.NullPointerException">
      <![CDATA[java.lang.NullPointerException
	at com.qmetry.qaf.automation.testng.pro.QAFTestNGListener.afterInvocation(QAFTestNGListener.java:208)
	at com.qmetry.qaf.automation.testng.pro.QAFTestNGListener2.afterInvocation(QAFTestNGListener2.java:151)
... Removed 33 stack frames]]>
    </failure>
  </testcase> <!-- testGoogleData -->
</testsuite>
