<?xml version="1.0" encoding="UTF-8"?>
<testng-results skipped="0" failed="0" ignored="0" total="1" passed="1">
  <reporter-output>
  </reporter-output>
  <suite name="Default suite" duration-ms="594" started-at="2018-10-22T07:33:22Z" finished-at="2018-10-22T07:33:23Z">
    <groups>
    </groups>
    <test name="Default test" duration-ms="594" started-at="2018-10-22T07:33:22Z" finished-at="2018-10-22T07:33:23Z">
      <class name="com.krishna.service.tests.TestServiceTests">
        <test-method status="PASS" signature="beforeSuite()[pri:0, instance:com.krishna.service.tests.TestServiceTests@2038ae61]" name="beforeSuite" is-config="true" duration-ms="120" started-at="2018-10-22T00:33:22Z" finished-at="2018-10-22T00:33:22Z">
          <reporter-output>
          </reporter-output>
        </test-method> <!-- beforeSuite -->
        <test-method status="PASS" signature="beforeTest()[pri:0, instance:com.krishna.service.tests.TestServiceTests@2038ae61]" name="beforeTest" is-config="true" duration-ms="3" started-at="2018-10-22T00:33:22Z" finished-at="2018-10-22T00:33:22Z">
          <reporter-output>
          </reporter-output>
        </test-method> <!-- beforeTest -->
        <test-method status="PASS" signature="beforeMethod(java.lang.reflect.Method)[pri:0, instance:com.krishna.service.tests.TestServiceTests@2038ae61]" name="beforeMethod" is-config="true" duration-ms="8" started-at="2018-10-22T00:33:22Z" finished-at="2018-10-22T00:33:22Z">
          <params>
            <param index="0">
              <value>
                <![CDATA[public void com.krishna.service.tests.TestServiceTests.testService(java.lang.String,com.krishna.service.model.TestService) throws java.lang.Exception]]>
              </value>
            </param>
          </params>
          <reporter-output>
          </reporter-output>
        </test-method> <!-- beforeMethod -->
        <test-method status="PASS" signature="testService(java.lang.String, com.krishna.service.model.TestService)[pri:0, instance:com.krishna.service.tests.TestServiceTests@2038ae61]" name="testService" duration-ms="214" started-at="2018-10-22T00:33:22Z" data-provider="getTestService_dataProvider" finished-at="2018-10-22T00:33:22Z">
          <params>
            <param index="0">
              <value>
                <![CDATA[http://www.google.com/]]>
              </value>
            </param>
            <param index="1">
              <value>
                <![CDATA[[description = BatManMovie, name = batsman]]]>
              </value>
            </param>
          </params>
          <reporter-output>
          </reporter-output>
        </test-method> <!-- testService -->
        <test-method status="PASS" signature="afterMethod(org.testng.ITestResult)[pri:0, instance:com.krishna.service.tests.TestServiceTests@2038ae61]" name="afterMethod" is-config="true" duration-ms="242" started-at="2018-10-22T00:33:22Z" finished-at="2018-10-22T00:33:23Z">
          <params>
            <param index="0">
              <value>
                <![CDATA[[TestResult name=testService status=SUCCESS method=TestServiceTests.testService(java.lang.String, com.krishna.service.model.TestService)[pri:0, instance:com.krishna.service.tests.TestServiceTests@2038ae61] output={null}]]]>
              </value>
            </param>
          </params>
          <reporter-output>
          </reporter-output>
        </test-method> <!-- afterMethod -->
      </class> <!-- com.krishna.service.tests.TestServiceTests -->
    </test> <!-- Default test -->
  </suite> <!-- Default suite -->
</testng-results>
