<?xml version="1.0" encoding="UTF-8"?>
<!-- Generated by org.testng.reporters.JUnitXMLReporter -->
<testsuite hostname="LM-SJC-11008892" ignored="2" name="testAPIProject" tests="1" failures="0" timestamp="15 Oct 2018 21:29:39 GMT" time="0.637" errors="0">
  <testcase name="testService" time="0.262" classname="com.krishna.service.tests.TestServiceTests"/>
  <testcase name="@BeforeSuite beforeSuite" time="0.0" classname="com.krishna.service.tests.BaseTest">
    <ignored/>
  </testcase> <!-- @BeforeSuite beforeSuite -->
  <testcase name="@BeforeTest beforeTest" time="0.0" classname="com.krishna.service.tests.BaseTest">
    <ignored/>
  </testcase> <!-- @BeforeTest beforeTest -->
</testsuite> <!-- testAPIProject -->
