<?xml version="1.0" encoding="UTF-8"?>
<!-- Generated by org.testng.reporters.JUnitXMLReporter -->
<testsuite hostname="Krishnas-MacBook-Pro-2.local" ignored="0" name="Default test" tests="2" failures="0" timestamp="20 Mar 2019 00:37:08 GMT" time="0.218" errors="0">
  <testcase name="testDataProviderUsingHashTableExample" time="0.02" classname="com.krishna.test.ExcelDataProviderTestWithHashTable"/>
  <testcase name="testDataProviderUsingAllArgumentsExample" time="0.002" classname="com.krishna.test.ExcelDataProviderTestWithHashTable"/>
</testsuite> <!-- Default test -->
